This is TeX, Version 3.14159 (MiKTeX 2.2) (preloaded format=latex 2000.11.28)  21 MAR 2003 13:46
**m18
(m18.tex
LaTeX2e <2001/06/01>
Babel <v3.7h> and hyphenation patterns for english, french, german, ngerman, du
mylang, nohyphenation, loaded.
(C:\localtexmf\inputs\nphmods.sty (C:\texmf\tex\latex\base\article.cls
Document Class: article 2001/04/21 v1.4e Standard LaTeX document class
(C:\texmf\tex\latex\base\size10.clo
File: size10.clo 2001/04/21 v1.4e Standard LaTeX file (size option)
)
\c@part=\count79
\c@section=\count80
\c@subsection=\count81
\c@subsubsection=\count82
\c@paragraph=\count83
\c@subparagraph=\count84
\c@figure=\count85
\c@table=\count86
\abovecaptionskip=\skip41
\belowcaptionskip=\skip42
\bibindent=\dimen102
) (C:\localtexmf\inputs\mod_common.sty
(C:\localtexmf\inputs\fancyhdr.sty
\headwidth=\dimen103
) (C:\texmf\tex\latex\tools\dcolumn.sty
Package: dcolumn 2001/05/28 v1.06 decimal alignment package (DPC)

(C:\texmf\tex\latex\tools\array.sty
Package: array 1998/05/13 v2.3m Tabular extension package (FMi)
\col@sep=\dimen104
\extrarowheight=\dimen105
\NC@list=\toks14
\extratabsurround=\skip43
\backup@length=\skip44
)) (C:\texmf\tex\latex\graphics\graphics.sty
Package: graphics 2001/07/07 v1.0n Standard LaTeX Graphics (DPC,SPQR)
(C:\texmf\tex\latex\graphics\trig.sty
Package: trig 1999/03/16 v1.09 sin cos tan (DPC)
)
(C:\texmf\tex\latex\00miktex\graphics.cfg)
Package graphics Info: Driver file: dvips.def on input line 80.

(C:\texmf\tex\latex\graphics\dvips.def
File: dvips.def 1999/02/16 v3.0i Driver-dependant file (DPC,SPQR)
)) (C:\texmf\tex\latex\base\latexsym.sty
Package: latexsym 1998/08/17 v2.2e Standard LaTeX package (lasy symbols)
\symlasy=\mathgroup4
LaTeX Font Info:    Overwriting symbol font `lasy' in version `bold'
(Font)                  U/lasy/m/n --> U/lasy/b/n on input line 42.
) (C:\texmf\tex\latex\base\ifthen.sty
Package: ifthen 2001/05/26 v1.1c Standard LaTeX ifthen package (DPC)
) (C:\texmf\tex\latex\tools\calc.sty
Package: calc 1998/07/07 v4.1b Infix arithmetic (KKT,FJ)
\calc@Acount=\count87
\calc@Bcount=\count88
\calc@Adimen=\dimen106
\calc@Bdimen=\dimen107
\calc@Askip=\skip45
\calc@Bskip=\skip46
LaTeX Info: Redefining \setlength on input line 59.
LaTeX Info: Redefining \addtolength on input line 60.
\calc@denominator=\count89
)
(C:\texmf\tex\latex\tools\multicol.sty
Package: multicol 2000/07/10 v1.5z multicolumn formatting (FMi)
\c@tracingmulticols=\count90
\mult@box=\box26
\multicol@leftmargin=\dimen108
\c@unbalance=\count91
\c@collectmore=\count92
\doublecol@number=\count93
\multicoltolerance=\count94
\multicolpretolerance=\count95
\full@width=\dimen109
\page@free=\dimen110
\premulticols=\dimen111
\postmulticols=\dimen112
\multicolsep=\skip47
\multicolbaselineskip=\skip48
\partial@page=\box27
\last@line=\box28
\mult@rightbox=\box29
\mult@grightbox=\box30
\mult@gfirstbox=\box31
\mult@firstbox=\box32
\@tempa=\box33
\@tempa=\box34
\@tempa=\box35
\@tempa=\box36
\@tempa=\box37
\@tempa=\box38
\@tempa=\box39
\@tempa=\box40
\@tempa=\box41
\@tempa=\box42
\@tempa=\box43
\@tempa=\box44
\@tempa=\box45
\@tempa=\box46
\@tempa=\box47
\@tempa=\box48
\@tempa=\box49
\c@columnbadness=\count96
\c@finalcolumnbadness=\count97
\last@try=\dimen113
\multicolovershoot=\dimen114
\multicolundershoot=\dimen115
\mult@nat@firstbox=\box50
\colbreak@box=\box51
) (C:\texmf\tex\latex\base\alltt.sty
Package: alltt 1997/06/16 v2.0g defines alltt environment
)
(C:\texmf\tex\latex\tools\tabularx.sty
Package: tabularx 1999/01/07 v2.07 `tabularx' package (DPC)
\TX@col@width=\dimen116
\TX@old@table=\dimen117
\TX@old@col=\dimen118
\TX@target=\dimen119
\TX@delta=\dimen120
\TX@cols=\count98
\TX@ftn=\toks15
) (C:\texmf\tex\latex\tools\delarray.sty
Package: delarray 1994/03/14 v1.01 array delimiter package (DPC)
) (C:\texmf\tex\latex\amsmath\amstext.sty
Package: amstext 2000/06/29 v2.01
 (C:\texmf\tex\latex\amsmath\amsgen.sty
File: amsgen.sty 1999/11/30 v2.0
\@emptytoks=\toks16
\ex@=\dimen121
)) (C:\localtexmf\tex\latex\listings\listings.sty
Package: listings 2000/08/23 v0.21 (Carsten Heinz)

(C:\texmf\tex\latex\graphics\keyval.sty
Package: keyval 1999/03/16 v1.13 key=value parser (DPC)
\KV@toks@=\toks17
)
\lst@mode=\count99
\lst@token=\toks18
\lst@length=\count100
\lst@width=\dimen122
\lst@currlwidth=\dimen123
\lst@column=\count101
\lst@pos=\count102
\lst@lostspace=\dimen124
\lst@lineno=\count103
\c@lstlisting=\count104
\lst@maxwidth=\dimen125

(C:\localtexmf\tex\latex\listings\lstpatch.sty
File: lstpatch 2001/01/17 v0.21f (Carsten Heinz)
)
(C:\localtexmf\tex\latex\listings\lstmisc.sty
File: lstmisc.sty 2000/08/23 v0.21 (Carsten Heinz)
\c@lstlabel=\count105
\lst@skiplabels=\count106
\lst@innerspread=\dimen126
\lst@outerspread=\dimen127
)
(C:\localtexmf\tex\latex\listings\listings.cfg))
(C:\texmf\tex\latex\amsmath\amsmath.sty
Package: amsmath 2000/07/18 v2.13 AMS math features
\@mathmargin=\skip49

For additional information on amsmath, use the `?' option.
(C:\texmf\tex\latex\amsmath\amsbsy.sty
Package: amsbsy 1999/11/29 v1.2d
\pmbraise@=\dimen128
) (C:\texmf\tex\latex\amsmath\amsopn.sty
Package: amsopn 1999/12/14 v2.01 operator names
)
\inf@bad=\count107
LaTeX Info: Redefining \frac on input line 211.
\uproot@=\count108
\leftroot@=\count109
LaTeX Info: Redefining \overline on input line 307.
\classnum@=\count110
\DOTSCASE@=\count111
LaTeX Info: Redefining \ldots on input line 379.
LaTeX Info: Redefining \dots on input line 382.
LaTeX Info: Redefining \cdots on input line 467.
\Mathstrutbox@=\box52
\strutbox@=\box53
\big@size=\dimen129
LaTeX Font Info:    Redeclaring font encoding OML on input line 567.
LaTeX Font Info:    Redeclaring font encoding OMS on input line 568.
\macc@depth=\count112
\c@MaxMatrixCols=\count113
\dotsspace@=\muskip10
\c@parentequation=\count114
\dspbrk@lvl=\count115
\tag@help=\toks19
\row@=\count116
\column@=\count117
\maxfields@=\count118
\andhelp@=\toks20
\eqnshift@=\dimen130
\alignsep@=\dimen131
\tagshift@=\dimen132
\tagwidth@=\dimen133
\totwidth@=\dimen134
\lineht@=\dimen135
\@envbody=\toks21
\multlinegap=\skip50
\multlinetaggap=\skip51
\mathdisplay@stack=\toks22
LaTeX Info: Redefining \[ on input line 2666.
LaTeX Info: Redefining \] on input line 2667.
) (C:\texmf\tex\latex\tools\afterpage.sty
Package: afterpage 1995/10/27 v1.08 After-Page Package (DPC)
\AP@output=\toks23
\AP@partial=\box54
\AP@footins=\box55
) (C:\texmf\tex\latex\base\makeidx.sty
Package: makeidx 2000/03/29 v1.0m Standard LaTeX package
) (C:\texmf\tex\latex\tools\xr.sty
Package: xr 1994/05/28 v5.02 eXternal References (DPC)
) (C:\texmf\tex\latex\float\float.sty
Package: float 2001/11/08 v1.3d Float enhancements (AL)
\c@float@type=\count119
\float@exts=\toks24
\float@box=\box56
\@float@everytoks=\toks25
\@floatcapt=\box57
)
(C:\texmf\tex\latex\tools\longtable.sty
Package: longtable 2000/10/22 v4.10 Multi-page Table package (DPC)
\LTleft=\skip52
\LTright=\skip53
\LTpre=\skip54
\LTpost=\skip55
\LTchunksize=\count120
\LTcapwidth=\dimen136
\LT@head=\box58
\LT@firsthead=\box59
\LT@foot=\box60
\LT@lastfoot=\box61
\LT@cols=\count121
\LT@rows=\count122
\c@LT@tables=\count123
\c@LT@chunks=\count124
\LT@p@ftn=\toks26
) (C:\localtexmf\inputs\subfigure.sty
Package: subfigure 1995/03/06 v2.0 subfigure package

Package: subfigure 1995/03/06 v2.0
\c@subfigure=\count125
\c@lofdepth=\count126
\c@subtable=\count127
\c@lotdepth=\count128
) (C:\texmf\tex\latex\ltxmisc\url.sty
\Urlmuskip=\muskip11
Package: url 1999/03/28  ver 1.5x  Verb mode for urls, etc.
)
\defabaselineskip=\skip56
\defaultfboxsep=\skip57
\defatopmarg=\skip58
\defaoddmarg=\skip59
\defaevenmarg=\skip60
\defafootskip=\skip61
\defaparskip=\skip62
\defaparindent=\skip63
\defaleftmargin=\skip64
\defalabelwidth=\skip65
\defaitemindent=\skip66
\defaparsep=\skip67
\c@PhyModNo=\count129
\c@IfBookPage=\count130
\c@bookpage=\count131
 (C:\localtexmf\inputs\bookpage.dat)
(C:\localtexmf\inputs\graphext.dat)
\TcTcBox=\box62
\c@sheet=\count132
\c@modlength=\count133
\c@SectionIndex=\count134
\Triangle=\box63
\leftover=\skip68
\c@chapterbase=\count135
\c@ChapterNo=\count136
\c@PhyPhyNo=\count137
\titlebox=\box64
\titlewidth=\skip69
\titleheight=\skip70
\titledepth=\skip71
\@indexfile=\write3

Writing index file m18.idx
\c@relpage=\count138
\c@StSePage=\count139
\c@IfPageNumber=\count140
\cvfight=\skip72
\drop=\skip73
\whitespace=\skip74
\covtitheight=\skip75
\covpicheight=\skip76
\Depth=\skip77
\covoffset=\skip78
\c@firstsc=\count141
\CvTiBox=\box65
\covpicbox=\box66
\PrHeight=\skip79
\TcTiHeight=\skip80
\TcAuHeight=\skip81
\TcTcHeight=\skip82
\hsq=\skip83
\TopMargin=\skip84
\TcTiBox=\box67
\TcAuBox=\box68
\c@StPtPage=\count142
\@float@every@FullFramedFig=\toks27
\c@FullFramedFig=\count143
\@float@every@FullUnframedFig=\toks28
\c@FullUnframedFig=\count144
\@float@every@FullUnframedFixedFig=\toks29
\c@FullUnframedFixedFig=\count145
\@float@every@FixedFramedFig=\toks30
\c@FixedFramedFig=\count146
\between=\skip85
\figtotalwidth=\skip86
\figwidth=\skip87
\figheight=\skip88
\figdepth=\skip89
\figbox=\box69
\@float@every@LeftFramedFig=\toks31
\c@LeftFramedFig=\count147
\@float@every@LeftUnframedFig=\toks32
\c@LeftUnframedFig=\count148
\FigOneBox=\box70
\FigTwoBox=\box71
\FigThrBox=\box72
\FigOneHeight=\skip90
\FigTwoHeight=\skip91
\FigThrHeight=\skip92
\cindent=\skip93
\fextra=\skip94
\FigOneWidth=\skip95
\FigTwoWidth=\skip96
\FigThrWidth=\skip97
\FigOneTotalWidth=\skip98
\FigTwoTotalWidth=\skip99
\FigThrTotalWidth=\skip100
\@float@every@TwoFigs=\toks33
\c@TwoFigs=\count149
\@float@every@ThreeFigs=\toks34
\c@ThreeFigs=\count150
\@float@every@MinipageFig=\toks35
\c@MinipageFig=\count151
\tempbox=\box73
\lefttablebox=\box74
\lefttableboxwidth=\skip101
\lefttableboxheight=\skip102
\lefttableboxdepth=\skip103
\smallertabwidth=\skip104
\largertextwidth=\skip105
\smallertextwidth=\skip106
\reducedfullwidth=\skip107
)) (m18.aux (m18-dat.aux) (m18-tx.aux) (m18-lg.aux) (m18-me.aux))
LaTeX Font Info:    Checking defaults for OML/cmm/m/it on input line 4.
LaTeX Font Info:    ... okay on input line 4.
LaTeX Font Info:    Checking defaults for T1/cmr/m/n on input line 4.
LaTeX Font Info:    ... okay on input line 4.
LaTeX Font Info:    Checking defaults for OT1/cmr/m/n on input line 4.
LaTeX Font Info:    ... okay on input line 4.
LaTeX Font Info:    Checking defaults for OMS/cmsy/m/n on input line 4.
LaTeX Font Info:    ... okay on input line 4.
LaTeX Font Info:    Checking defaults for OMX/cmex/m/n on input line 4.
LaTeX Font Info:    ... okay on input line 4.
LaTeX Font Info:    Checking defaults for U/cmr/m/n on input line 4.
LaTeX Font Info:    ... okay on input line 4.
 (m18-tc.tex)
Underfull \hbox (badness 10000) in paragraph at lines 1--17

 []


Underfull \hbox (badness 10000) in paragraph at lines 1--17

 []


Underfull \hbox (badness 10000) in paragraph at lines 1--17

 []

LaTeX Font Info:    Try loading font information for U+lasy on input line 17.
(C:\texmf\tex\latex\base\ulasy.fd
File: ulasy.fd 1998/08/17 v2.2e LaTeX symbol font definitions
)
\tcfile=\write4
 (m18-dat.tex)
File: c:/localtexmf/inputs/coverlay.eps Graphic file (type eps)

<c:/localtexmf/inputs/coverlay.eps>
Overfull \hbox (327.2225pt too wide) detected at line 17
[]
 []


Overfull \vbox (516.93126pt too high) detected at line 17
 []

File: m18gr00.eps Graphic file (type eps)
<m18gr00.eps>
Overfull \hbox (4.4pt too wide) in paragraph at lines 17--17
| [] 
 []


Overfull \hbox (4.4pt too wide) in paragraph at lines 17--17
| [] 
 []

[1



] [2]

supplement=
[3]

supplement=
(C:\localtexmf\inputs\mod-pd.tex
LaTeX Font Info:    Try loading font information for OMS+cmr on input line 46.
 (C:\texmf\tex\latex\base\omscmr.fd
File: omscmr.fd 1999/05/25 v2.5h Standard LaTeX font definitions
)
LaTeX Font Info:    Font shape `OMS/cmr/m/n' in size <10> not available
(Font)              Font shape `OMS/cmsy/m/n' tried instead on input line 46.
) [4]
(m18-tx.tex

SectNo=1
SectTitle=Observing Time-Dependent Vectors
SectType=TextMultiPara
File: m18gr01.eps Graphic file (type eps)
<m18gr01.eps> [5

]

SectNo=2
SectTitle=Coriolis and Centrifugal Effects
SectType=TextMultiPara
[6]

SectNo=3
SectTitle=The Foucault Pendulum
SectType=TextMultiPara
[7] [8]

SectNo=4
SectTitle=Air Currents near Pressure Centers
SectType=TextOnePara
File: m18gr02.eps Graphic file (type eps)
<m18gr02.eps>
File: m18gr02.eps Graphic file (type eps)
 <m18gr02.eps> [9]

SectNo=5
SectTitle=Prevailing Wind Directions
SectType=TextOnePara

SectNo=
SectTitle=Acknowledgments
SectType=Acknowledgments
) [10] (m18-lg.tex

SectNo=
SectTitle=
SectType=LocalGuide

supplement=Local Guide
[11


] [12]) [13] (m18-me.tex

SectNo=
SectTitle=
SectType=ModelExam

supplement=Model Exam
) [14


] [15

] [16] (m18.aux (m18-dat.aux) (m18-tx.aux) (m18-lg.aux) (m18-me.aux)) )
Output written on m18.dvi (16 pages, 33408 bytes).
